浪漫流星雨.obj : error LNK2019: 无法解析的外部符号 "public: __cdecl IMAGE::IMAGE(int,int)" (??0IMAGE@@QEAA@HH@Z)，函数 "public: void __cdecl IMAGE::`default constructor closure'(void)" (??_FIMAGE@@QEAAXXZ) 中引用了该符号
浪漫流星雨.obj : error LNK2019: 无法解析的外部符号 "public: virtual __cdecl IMAGE::~IMAGE(void)" (??1IMAGE@@UEAA@XZ)，函数 "void __cdecl `dynamic initializer for 'bk''(void)" (??__Ebk@@YAXXZ) 中引用了该符号
浪漫流星雨.obj : error LNK2019: 无法解析的外部符号 "struct HWND__ * __cdecl initgraph(int,int,int)" (?initgraph@@YAPEAUHWND__@@HHH@Z)，函数 main 中引用了该符号
浪漫流星雨.obj : error LNK2019: 无法解析的外部符号 "void __cdecl cleardevice(void)" (?cleardevice@@YAXXZ)，函数 "void __cdecl welcome(void)" (?welcome@@YAXXZ) 中引用了该符号
浪漫流星雨.obj : error LNK2019: 无法解析的外部符号 "void __cdecl settextcolor(unsigned long)" (?settextcolor@@YAXK@Z)，函数 "void __cdecl welcome(void)" (?welcome@@YAXXZ) 中引用了该符号
浪漫流星雨.obj : error LNK2019: 无法解析的外部符号 "void __cdecl setfillcolor(unsigned long)" (?setfillcolor@@YAXK@Z)，函数 "void __cdecl drawStar(void)" (?drawStar@@YAXXZ) 中引用了该符号
浪漫流星雨.obj : error LNK2019: 无法解析的外部符号 "void __cdecl setbkmode(int)" (?setbkmode@@YAXH@Z)，函数 "void __cdecl welcome(void)" (?welcome@@YAXXZ) 中引用了该符号
浪漫流星雨.obj : error LNK2019: 无法解析的外部符号 "void __cdecl putpixel(int,int,unsigned long)" (?putpixel@@YAXHHK@Z)，函数 "void __cdecl drawStar(void)" (?drawStar@@YAXXZ) 中引用了该符号
浪漫流星雨.obj : error LNK2019: 无法解析的外部符号 "void __cdecl solidcircle(int,int,int)" (?solidcircle@@YAXHHH@Z)，函数 "void __cdecl drawStar(void)" (?drawStar@@YAXXZ) 中引用了该符号
浪漫流星雨.obj : error LNK2019: 无法解析的外部符号 "void __cdecl outtextxy(int,int,wchar_t const *)" (?outtextxy@@YAXHHPEB_W@Z)，函数 "void __cdecl welcome(void)" (?welcome@@YAXXZ) 中引用了该符号
浪漫流星雨.obj : error LNK2019: 无法解析的外部符号 "void __cdecl settextstyle(int,int,wchar_t const *)" (?settextstyle@@YAXHHPEB_W@Z)，函数 "void __cdecl welcome(void)" (?welcome@@YAXXZ) 中引用了该符号
浪漫流星雨.obj : error LNK2019: 无法解析的外部符号 "void __cdecl loadimage(class IMAGE *,wchar_t const *,int,int,bool)" (?loadimage@@YAXPEAVIMAGE@@PEB_WHH_N@Z)，函数 "void __cdecl loadImag(void)" (?loadImag@@YAXXZ) 中引用了该符号
浪漫流星雨.obj : error LNK2019: 无法解析的外部符号 "void __cdecl putimage(int,int,class IMAGE const *,unsigned long)" (?putimage@@YAXHHPEBVIMAGE@@K@Z)，函数 "void __cdecl drawMeteor(void)" (?drawMeteor@@YAXXZ) 中引用了该符号
浪漫流星雨.obj : error LNK2019: 无法解析的外部符号 "int __cdecl getwidth(void)" (?getwidth@@YAHXZ)，函数 "void __cdecl moveMeteor(void)" (?moveMeteor@@YAXXZ) 中引用了该符号
浪漫流星雨.obj : error LNK2019: 无法解析的外部符号 "int __cdecl getheight(void)" (?getheight@@YAHXZ)，函数 "void __cdecl moveMeteor(void)" (?moveMeteor@@YAXXZ) 中引用了该符号
浪漫流星雨.obj : error LNK2019: 无法解析的外部符号 "void __cdecl BeginBatchDraw(void)" (?BeginBatchDraw@@YAXXZ)，函数 main 中引用了该符号
浪漫流星雨.obj : error LNK2019: 无法解析的外部符号 "void __cdecl FlushBatchDraw(void)" (?FlushBatchDraw@@YAXXZ)，函数 main 中引用了该符号
浪漫流星雨.obj : error LNK2019: 无法解析的外部符号 "void __cdecl EndBatchDraw(void)" (?EndBatchDraw@@YAXXZ)，函数 main 中引用了该符号
D:\各类软件缓存\Microsoft安装目录\lib\VC2015\x86\EasyXw.lib : warning LNK4272: 库计算机类型“x86”与目标计算机类型“x64”冲突
D:\同步空间\BaiduSyncdisk\新建文件夹\C语言代码\浪漫流星雨\x64\Debug\花式表白.exe : fatal error LNK1120: 18 个无法解析的外部命令
